  arindel_tests.cpp
  charcreate.cpp
  combatround.cpp
  gloabalfunctions.cpp
C:\Users\payto\Desktop\Payton_Andy_Final-1\Game_Sample\Game_Sample\gloabalfunctions.cpp(68,51): warning C4244: 'argument': conversion from 'time_t' to 'unsigned int', possible loss of data
  HeavyArmor.cpp
  heavyweapon.cpp
  human.cpp
  LightArmor.cpp
  lightweapon.cpp
  mainGame.cpp
  MediumArmor.cpp
  mediumweapon.cpp
  nakedarmor.cpp
  weaponsandarmor.cpp
  Generating code
  Previous IPDB not found, fall back to full compilation.
  All 464 functions were compiled because no usable IPDB/IOBJ from previous compilation was found.
  Finished generating code
  Game_Sample.vcxproj -> C:\Users\payto\Desktop\Payton_Andy_Final-1\Game_Sample\Release\Game_Sample.exe
