c:\users\payton pehrson\desktop\game_sample\game_sample\debug\vc141.pdb
c:\users\payton pehrson\desktop\game_sample\game_sample\debug\vc141.idb
c:\users\payton pehrson\desktop\game_sample\game_sample\debug\weaponsandarmor.obj
c:\users\payton pehrson\desktop\game_sample\game_sample\debug\nakedarmor.obj
c:\users\payton pehrson\desktop\game_sample\game_sample\debug\mediumweapon.obj
c:\users\payton pehrson\desktop\game_sample\game_sample\debug\mediumarmor.obj
c:\users\payton pehrson\desktop\game_sample\game_sample\debug\maingame.obj
c:\users\payton pehrson\desktop\game_sample\game_sample\debug\lightweapon.obj
c:\users\payton pehrson\desktop\game_sample\game_sample\debug\lightarmor.obj
c:\users\payton pehrson\desktop\game_sample\game_sample\debug\human.obj
c:\users\payton pehrson\desktop\game_sample\game_sample\debug\heavyweapon.obj
c:\users\payton pehrson\desktop\game_sample\game_sample\debug\heavyarmor.obj
c:\users\payton pehrson\desktop\game_sample\game_sample\debug\gloabalfunctions.obj
c:\users\payton pehrson\desktop\game_sample\game_sample\debug\combatround.obj
c:\users\payton pehrson\desktop\game_sample\game_sample\debug\charcreate.obj
c:\users\payton pehrson\desktop\game_sample\game_sample\debug\arindel_tests.obj
c:\users\payton pehrson\desktop\game_sample\debug\game_sample.exe
c:\users\payton pehrson\desktop\game_sample\debug\game_sample.ilk
c:\users\payton pehrson\desktop\game_sample\debug\game_sample.pdb
c:\users\payton pehrson\desktop\game_sample\game_sample\debug\game_sample.tlog\cl.command.1.tlog
c:\users\payton pehrson\desktop\game_sample\game_sample\debug\game_sample.tlog\cl.read.1.tlog
c:\users\payton pehrson\desktop\game_sample\game_sample\debug\game_sample.tlog\cl.write.1.tlog
c:\users\payton pehrson\desktop\game_sample\game_sample\debug\game_sample.tlog\link.command.1.tlog
c:\users\payton pehrson\desktop\game_sample\game_sample\debug\game_sample.tlog\link.read.1.tlog
c:\users\payton pehrson\desktop\game_sample\game_sample\debug\game_sample.tlog\link.write.1.tlog
